2025-04-17 00:19:37,104 - __main__ - INFO - Starting Flask application...
2025-04-17 00:19:37,105 - __main__ - WARNING - Virtual environment is not activated. This may cause issues.
2025-04-17 00:19:38,113 - __main__ - INFO - Package flask is installed.
2025-04-17 00:19:38,666 - __main__ - ERROR - Unexpected error: Class <class 'sqlalchemy.sql.elements.SQLCoreOperations'> directly inherits TypingOnly but has additional attributes {'__static_attributes__', '__firstlineno__'}.
2025-04-17 00:19:38,764 - __main__ - ERROR - Traceback (most recent call last):
  File "C:\Users\Mufasa\Desktop\Work\Websites\Angelo\YOLO\LicensePlateReader\project\run_flask_with_error_handling.py", line 37, in run_flask_app
    __import__(package.replace('-', '_'))
    ~~~~~~~~~~^^^^^^^^^^^^^^^^^^^^^^^^^^^
  File "C:\Users\Mufasa\AppData\Local\Programs\Python\Python313\Lib\site-packages\flask_sqlalchemy\__init__.py", line 5, in <module>
    from .extension import SQLAlchemy
  File "C:\Users\Mufasa\AppData\Local\Programs\Python\Python313\Lib\site-packages\flask_sqlalchemy\extension.py", line 9, in <module>
    import sqlalchemy as sa
  File "C:\Users\Mufasa\AppData\Local\Programs\Python\Python313\Lib\site-packages\sqlalchemy\__init__.py", line 13, in <module>
    from .engine import AdaptedConnection as AdaptedConnection
  File "C:\Users\Mufasa\AppData\Local\Programs\Python\Python313\Lib\site-packages\sqlalchemy\engine\__init__.py", line 18, in <module>
    from . import events as events
  File "C:\Users\Mufasa\AppData\Local\Programs\Python\Python313\Lib\site-packages\sqlalchemy\engine\events.py", line 19, in <module>
    from .base import Connection
  File "C:\Users\Mufasa\AppData\Local\Programs\Python\Python313\Lib\site-packages\sqlalchemy\engine\base.py", line 30, in <module>
    from .interfaces import BindTyping
  File "C:\Users\Mufasa\AppData\Local\Programs\Python\Python313\Lib\site-packages\sqlalchemy\engine\interfaces.py", line 38, in <module>
    from ..sql.compiler import Compiled as Compiled
  File "C:\Users\Mufasa\AppData\Local\Programs\Python\Python313\Lib\site-packages\sqlalchemy\sql\__init__.py", line 14, in <module>
    from .compiler import COLLECT_CARTESIAN_PRODUCTS as COLLECT_CARTESIAN_PRODUCTS
  File "C:\Users\Mufasa\AppData\Local\Programs\Python\Python313\Lib\site-packages\sqlalchemy\sql\compiler.py", line 61, in <module>
    from . import crud
  File "C:\Users\Mufasa\AppData\Local\Programs\Python\Python313\Lib\site-packages\sqlalchemy\sql\crud.py", line 34, in <module>
    from . import dml
  File "C:\Users\Mufasa\AppData\Local\Programs\Python\Python313\Lib\site-packages\sqlalchemy\sql\dml.py", line 34, in <module>
    from . import util as sql_util
  File "C:\Users\Mufasa\AppData\Local\Programs\Python\Python313\Lib\site-packages\sqlalchemy\sql\util.py", line 46, in <module>
    from .ddl import sort_tables as sort_tables  # noqa: F401
    ^^^^^^^^^^^^^^^^^^^^^^^^^^^^^^^^^^^^^^^^^^^
  File "C:\Users\Mufasa\AppData\Local\Programs\Python\Python313\Lib\site-packages\sqlalchemy\sql\ddl.py", line 30, in <module>
    from .elements import ClauseElement
  File "C:\Users\Mufasa\AppData\Local\Programs\Python\Python313\Lib\site-packages\sqlalchemy\sql\elements.py", line 808, in <module>
    class SQLCoreOperations(Generic[_T_co], ColumnOperators, TypingOnly):
    ...<472 lines>...
                ...
  File "C:\Users\Mufasa\AppData\Local\Programs\Python\Python313\Lib\typing.py", line 1257, in _generic_init_subclass
    super(Generic, cls).__init_subclass__(*args, **kwargs)
    ~~~~~~~~~~~~~~~~~~~~~~~~~~~~~~~~~~~~~^^^^^^^^^^^^^^^^^
  File "C:\Users\Mufasa\AppData\Local\Programs\Python\Python313\Lib\site-packages\sqlalchemy\util\langhelpers.py", line 1988, in __init_subclass__
    raise AssertionError(
    ...<2 lines>...
    )
AssertionError: Class <class 'sqlalchemy.sql.elements.SQLCoreOperations'> directly inherits TypingOnly but has additional attributes {'__static_attributes__', '__firstlineno__'}.

2025-04-17 00:19:38,810 - __main__ - ERROR - Failed to start Flask application. Check the logs for details.
