2025-04-17 00:16:19,955 - __main__ - INFO - Starting Flask application...
2025-04-17 00:16:20,661 - __main__ - INFO - Package flask is installed.
2025-04-17 00:16:21,548 - __main__ - INFO - Package flask_sqlalchemy is installed.
2025-04-17 00:16:21,663 - __main__ - INFO - Package psycopg2 is installed.
2025-04-17 00:16:21,926 - __main__ - INFO - Package numpy is installed.
2025-04-17 00:16:22,009 - __main__ - INFO - Package opencv-python is installed.
2025-04-17 00:16:23,890 - __main__ - INFO - Database connection successful. PostgreSQL version: PostgreSQL 17.4 on x86_64-pc-linux-gnu, compiled by gcc (Debian 12.2.0-14) 12.2.0, 64-bit
2025-04-17 00:16:23,891 - __main__ - INFO - Templates directory found: C:\Users\Mufasa\Desktop\Work\Websites\Angelo\YOLO\LicensePlateReader\project\templates
2025-04-17 00:16:23,893 - __main__ - INFO - Template files: detection_results.html, index.html, layout.html
2025-04-17 00:16:23,893 - __main__ - INFO - Static directory found: C:\Users\Mufasa\Desktop\Work\Websites\Angelo\YOLO\LicensePlateReader\project\static
2025-04-17 00:16:23,929 - detection.yolo_detector - INFO - Initialized simplified YOLO detector (demo mode)
2025-04-17 00:16:23,931 - detection.license_plate_recognition - INFO - License plate recognizer initialized successfully
2025-04-17 00:16:28,452 - __main__ - INFO - Flask app imported successfully.
2025-04-17 00:16:28,453 - __main__ - INFO - Running Flask app...
2025-04-17 00:16:28,505 - werkzeug - WARNING -  * Debugger is active!
2025-04-17 00:16:28,514 - werkzeug - INFO -  * Debugger PIN: 126-292-831
2025-04-17 00:16:40,510 - werkzeug - INFO -  * Detected change in 'C:\\Users\\Mufasa\\Desktop\\Work\\Websites\\Angelo\\YOLO\\LicensePlateReader\\project\\venv\\Lib\\site-packages\\flask\\app.py', reloading
2025-04-17 00:16:40,546 - werkzeug - INFO -  * Detected change in 'C:\\Users\\Mufasa\\Desktop\\Work\\Websites\\Angelo\\YOLO\\LicensePlateReader\\project\\venv\\Lib\\site-packages\\flask\\templating.py', reloading
2025-04-17 00:16:40,553 - werkzeug - INFO -  * Detected change in 'C:\\Users\\Mufasa\\Desktop\\Work\\Websites\\Angelo\\YOLO\\LicensePlateReader\\project\\venv\\Lib\\site-packages\\jinja2\\environment.py', reloading
2025-04-17 00:16:40,560 - werkzeug - INFO -  * Detected change in 'C:\\Users\\Mufasa\\Desktop\\Work\\Websites\\Angelo\\YOLO\\LicensePlateReader\\project\\venv\\Lib\\site-packages\\jinja2\\loaders.py', reloading
2025-04-17 00:16:40,585 - werkzeug - INFO - 127.0.0.1 - - [17/Apr/2025 00:16:40] "[35m[1mGET / HTTP/1.1[0m" 500 -
2025-04-17 00:16:41,057 - werkzeug - INFO - 127.0.0.1 - - [17/Apr/2025 00:16:41] "GET /?__debugger__=yes&cmd=resource&f=style.css HTTP/1.1" 200 -
2025-04-17 00:16:41,178 - werkzeug - INFO - 127.0.0.1 - - [17/Apr/2025 00:16:41] "GET /?__debugger__=yes&cmd=resource&f=debugger.js HTTP/1.1" 200 -
